<?xml version="1.0" encoding="UTF-8"?>
<Site BuildName="(empty)"
	BuildStamp="20260413-2322-Experimental"
	Name="Terraformers"
	Generator="ctest-3.28.3"
	CompilerName="/usr/bin/g++"
	CompilerVersion="13.3.0"
	OSName="Linux"
	Hostname="Terraformers"
	OSRelease="6.17.0-19-generic"
	OSVersion="#19~24.04.2-Ubuntu SMP PREEMPT_DYNAMIC Fri Mar  6 23:08:46 UTC 2"
	OSPlatform="x86_64"
	Is64Bits="1"
	VendorString="AuthenticAMD"
	VendorID="Advanced Micro Devices"
	FamilyID="25"
	ModelID="116"
	ProcessorCacheSize="1024"
	NumberOfLogicalCPU="2"
	NumberOfPhysicalCPU="2"
	TotalVirtualMemory="0"
	TotalPhysicalMemory="11657"
	LogicalProcessorsPerPhysical="1"
	ProcessorClockFrequency="3792.93"
	>
	<Testing>
		<StartDateTime>Apr 13 19:22 EDT</StartDateTime>
		<StartTestTime>1776122527</StartTestTime>
		<TestList/>
		<EndDateTime>Apr 13 19:22 EDT</EndDateTime>
		<EndTestTime>1776122527</EndTestTime>
		<ElapsedMinutes>0</ElapsedMinutes>
	</Testing>
</Site>
